<?xml version="1.0" encoding="UTF-8" ?>
<testsuite failures="0" time="0.042" errors="0" skipped="0" tests="1" name="net.wgr.xenmaster.AppTest">
  <properties>
    <property name="java.runtime.name" value="OpenJDK Runtime Environment"/>
    <property name="sun.boot.library.path" value="/Library/Java/JavaVirtualMachines/1.7.0.jdk/Contents/Home/jre/lib"/>
    <property name="java.vm.version" value="21.0-b17"/>
    <property name="java.vm.vendor" value="Oracle Corporation"/>
    <property name="java.vendor.url" value="http://java.oracle.com/"/>
    <property name="path.separator" value=":"/>
    <property name="java.vm.name" value="OpenJDK 64-Bit Server VM"/>
    <property name="file.encoding.pkg" value="sun.io"/>
    <property name="sun.java.launcher" value="SUN_STANDARD"/>
    <property name="sun.os.patch.level" value="unknown"/>
    <property name="java.vm.specification.name" value="Java Virtual Machine Specification"/>
    <property name="user.dir" value="/Users/double-u/Projects/XenMaster/XenMaster"/>
    <property name="java.runtime.version" value="1.7.0-internal-b00"/>
    <property name="java.awt.graphicsenv" value="sun.awt.CGraphicsEnvironment"/>
    <property name="basedir" value="/Users/double-u/Projects/XenMaster/XenMaster"/>
    <property name="java.endorsed.dirs" value="/Library/Java/JavaVirtualMachines/1.7.0.jdk/Contents/Home/jre/lib/endorsed"/>
    <property name="os.arch" value="x86_64"/>
    <property name="surefire.real.class.path" value="/Users/double-u/Projects/XenMaster/XenMaster/target/surefire/surefirebooter6979491516397713184.jar"/>
    <property name="java.io.tmpdir" value="/var/tmp/"/>
    <property name="line.separator" value="
"/>
    <property name="java.vm.specification.vendor" value="Oracle Corporation"/>
    <property name="os.name" value="Mac OS X"/>
    <property name="sun.jnu.encoding" value="US-ASCII"/>
    <property name="java.library.path" value="/Users/double-u/Library/Java/Extensions:/Library/Java/Extensions:/Network/Library/Java/Extensions:/System/Library/Java/Extensions:/usr/lib/java"/>
    <property name="surefire.test.class.path" value="/Users/double-u/Projects/XenMaster/XenMaster/target/test-classes:/Users/double-u/Projects/XenMaster/XenMaster/target/classes:/Users/double-u/.m2/repository/junit/junit/4.10/junit-4.10.jar:/Users/double-u/.m2/repository/org/hamcrest/hamcrest-core/1.1/hamcrest-core-1.1.jar:/Users/double-u/.m2/repository/joda-time/joda-time/2.0/joda-time-2.0.jar:/Users/double-u/.m2/repository/log4j/log4j/1.2.16/log4j-1.2.16.jar:/Users/double-u/.m2/repository/net/w-gr/wgr/0.9/wgr-0.9.jar:/Users/double-u/.m2/repository/com/thoughtworks/xstream/xstream/1.4.1/xstream-1.4.1.jar:/Users/double-u/.m2/repository/xmlpull/xmlpull/1.1.3.1/xmlpull-1.1.3.1.jar:/Users/double-u/.m2/repository/jmimemagic/jmimemagic/0.1.2/jmimemagic-0.1.2.jar:/Users/double-u/.m2/repository/oro/oro/2.0.8/oro-2.0.8.jar:/Users/double-u/.m2/repository/xml-apis/xmlParserAPIs/2.0.2/xmlParserAPIs-2.0.2.jar:/Users/double-u/.m2/repository/commons-collections/commons-collections/3.2.1/commons-collections-3.2.1.jar:/Users/double-u/.m2/repository/org/twitter4j/twitter4j-core/2.2.4/twitter4j-core-2.2.4.jar:/Users/double-u/.m2/repository/commons-lang/commons-lang/2.6/commons-lang-2.6.jar:/Users/double-u/.m2/repository/com/google/api/client/google-api-client/1.4.1-beta/google-api-client-1.4.1-beta.jar:/Users/double-u/.m2/repository/com/google/code/findbugs/jsr305/1.3.9/jsr305-1.3.9.jar:/Users/double-u/.m2/repository/com/google/guava/guava/r09/guava-r09.jar:/Users/double-u/.m2/repository/org/apache/httpcomponents/httpclient/4.0.3/httpclient-4.0.3.jar:/Users/double-u/.m2/repository/org/apache/httpcomponents/httpcore/4.0.1/httpcore-4.0.1.jar:/Users/double-u/.m2/repository/commons-logging/commons-logging/1.1.1/commons-logging-1.1.1.jar:/Users/double-u/.m2/repository/org/codehaus/jackson/jackson-core-asl/1.6.7/jackson-core-asl-1.6.7.jar:/Users/double-u/.m2/repository/xpp3/xpp3/1.1.4c/xpp3-1.1.4c.jar:/Users/double-u/.m2/repository/com/rosaloves/bitlyj/2.0.0/bitlyj-2.0.0.jar:/Users/double-u/.m2/repository/com/google/api/client/google-api-client-googleapis/1.4.1-beta/google-api-client-googleapis-1.4.1-beta.jar:/Users/double-u/.m2/repository/commons-io/commons-io/2.0.1/commons-io-2.0.1.jar:/Users/double-u/.m2/repository/org/scale7/scale7-pelops/1.2-0.8.x/scale7-pelops-1.2-0.8.x.jar:/Users/double-u/.m2/repository/com/eaio/uuid/uuid/3.2/uuid-3.2.jar:/Users/double-u/.m2/repository/org/scale7/scale7-core/1.3/scale7-core-1.3.jar:/Users/double-u/.m2/repository/commons-pool/commons-pool/1.5.5/commons-pool-1.5.5.jar:/Users/double-u/.m2/repository/org/codehaus/jackson/jackson-mapper-asl/1.8.5/jackson-mapper-asl-1.8.5.jar:/Users/double-u/.m2/repository/xerces/xercesImpl/2.10.0/xercesImpl-2.10.0.jar:/Users/double-u/.m2/repository/xml-apis/xml-apis/1.4.01/xml-apis-1.4.01.jar:/Users/double-u/.m2/repository/org/apache/activemq/activemq-core/5.5.0/activemq-core-5.5.0.jar:/Users/double-u/.m2/repository/org/apache/geronimo/specs/geronimo-jms_1.1_spec/1.1.1/geronimo-jms_1.1_spec-1.1.1.jar:/Users/double-u/.m2/repository/org/apache/activemq/activeio-core/3.1.2/activeio-core-3.1.2.jar:/Users/double-u/.m2/repository/org/apache/activemq/kahadb/5.5.0/kahadb-5.5.0.jar:/Users/double-u/.m2/repository/org/apache/activemq/protobuf/activemq-protobuf/1.1/activemq-protobuf-1.1.jar:/Users/double-u/.m2/repository/org/osgi/org.osgi.core/4.1.0/org.osgi.core-4.1.0.jar:/Users/double-u/.m2/repository/org/apache/geronimo/specs/geronimo-j2ee-management_1.1_spec/1.0.1/geronimo-j2ee-management_1.1_spec-1.0.1.jar:/Users/double-u/.m2/repository/commons-net/commons-net/2.0/commons-net-2.0.jar:/Users/double-u/.m2/repository/org/jasypt/jasypt/1.7/jasypt-1.7.jar:/Users/double-u/.m2/repository/javax/jmdns/jmdns/3.4.1/jmdns-3.4.1.jar:/Users/double-u/.m2/repository/org/twitter4j/twitter4j-stream/2.2.4/twitter4j-stream-2.2.4.jar:/Users/double-u/.m2/repository/org/eclipse/jetty/aggregate/jetty-servlet/8.0.1.v20110908/jetty-servlet-8.0.1.v20110908.jar:/Users/double-u/.m2/repository/org/eclipse/jetty/aggregate/jetty-server/8.0.1.v20110908/jetty-server-8.0.1.v20110908.jar:/Users/double-u/.m2/repository/commons-daemon/commons-daemon/1.0.7/commons-daemon-1.0.7.jar:/Users/double-u/.m2/repository/com/twmacinta/1.0/twmacinta-1.0.jar:/Users/double-u/.m2/repository/txtmark/txtmark/0.6-SNAPSHOT/txtmark-0.6-SNAPSHOT.jar:/Users/double-u/.m2/repository/commons-codec/commons-codec/1.5/commons-codec-1.5.jar:/Users/double-u/.m2/repository/com/google/code/gson/gson/1.7.1/gson-1.7.1.jar:/Users/double-u/.m2/repository/org/apache/cassandra/cassandra-thrift/1.0.0-beta1/cassandra-thrift-1.0.0-beta1.jar:/Users/double-u/.m2/repository/org/apache/thrift/libthrift/0.6.1/libthrift-0.6.1.jar:/Users/double-u/.m2/repository/org/mortbay/jetty/servlet-api/3.0.20100224/servlet-api-3.0.20100224.jar:/Users/double-u/.m2/repository/org/slf4j/slf4j-log4j12/1.6.2/slf4j-log4j12-1.6.2.jar:/Users/double-u/.m2/repository/org/slf4j/slf4j-api/1.6.2/slf4j-api-1.6.2.jar:/Users/double-u/.m2/repository/javax/mail/mail/1.4.4/mail-1.4.4.jar:/Users/double-u/.m2/repository/javax/activation/activation/1.1/activation-1.1.jar:/Users/double-u/.m2/repository/org/apache/xmlrpc/xmlrpc-client/3.1.3/xmlrpc-client-3.1.3.jar:/Users/double-u/.m2/repository/org/apache/xmlrpc/xmlrpc-common/3.1.3/xmlrpc-common-3.1.3.jar:/Users/double-u/.m2/repository/org/apache/ws/commons/util/ws-commons-util/1.0.2/ws-commons-util-1.0.2.jar:"/>
    <property name="java.specification.name" value="Java Platform API Specification"/>
    <property name="java.class.version" value="51.0"/>
    <property name="sun.management.compiler" value="HotSpot 64-Bit Tiered Compilers"/>
    <property name="os.version" value="10.7.1"/>
    <property name="user.home" value="/Users/double-u"/>
    <property name="user.timezone" value=""/>
    <property name="java.awt.printerjob" value="sun.print.PSPrinterJob"/>
    <property name="file.encoding" value="US-ASCII"/>
    <property name="java.specification.version" value="1.7"/>
    <property name="user.name" value="double-u"/>
    <property name="java.class.path" value="/Users/double-u/Projects/XenMaster/XenMaster/target/test-classes:/Users/double-u/Projects/XenMaster/XenMaster/target/classes:/Users/double-u/.m2/repository/junit/junit/4.10/junit-4.10.jar:/Users/double-u/.m2/repository/org/hamcrest/hamcrest-core/1.1/hamcrest-core-1.1.jar:/Users/double-u/.m2/repository/joda-time/joda-time/2.0/joda-time-2.0.jar:/Users/double-u/.m2/repository/log4j/log4j/1.2.16/log4j-1.2.16.jar:/Users/double-u/.m2/repository/net/w-gr/wgr/0.9/wgr-0.9.jar:/Users/double-u/.m2/repository/com/thoughtworks/xstream/xstream/1.4.1/xstream-1.4.1.jar:/Users/double-u/.m2/repository/xmlpull/xmlpull/1.1.3.1/xmlpull-1.1.3.1.jar:/Users/double-u/.m2/repository/jmimemagic/jmimemagic/0.1.2/jmimemagic-0.1.2.jar:/Users/double-u/.m2/repository/oro/oro/2.0.8/oro-2.0.8.jar:/Users/double-u/.m2/repository/xml-apis/xmlParserAPIs/2.0.2/xmlParserAPIs-2.0.2.jar:/Users/double-u/.m2/repository/commons-collections/commons-collections/3.2.1/commons-collections-3.2.1.jar:/Users/double-u/.m2/repository/org/twitter4j/twitter4j-core/2.2.4/twitter4j-core-2.2.4.jar:/Users/double-u/.m2/repository/commons-lang/commons-lang/2.6/commons-lang-2.6.jar:/Users/double-u/.m2/repository/com/google/api/client/google-api-client/1.4.1-beta/google-api-client-1.4.1-beta.jar:/Users/double-u/.m2/repository/com/google/code/findbugs/jsr305/1.3.9/jsr305-1.3.9.jar:/Users/double-u/.m2/repository/com/google/guava/guava/r09/guava-r09.jar:/Users/double-u/.m2/repository/org/apache/httpcomponents/httpclient/4.0.3/httpclient-4.0.3.jar:/Users/double-u/.m2/repository/org/apache/httpcomponents/httpcore/4.0.1/httpcore-4.0.1.jar:/Users/double-u/.m2/repository/commons-logging/commons-logging/1.1.1/commons-logging-1.1.1.jar:/Users/double-u/.m2/repository/org/codehaus/jackson/jackson-core-asl/1.6.7/jackson-core-asl-1.6.7.jar:/Users/double-u/.m2/repository/xpp3/xpp3/1.1.4c/xpp3-1.1.4c.jar:/Users/double-u/.m2/repository/com/rosaloves/bitlyj/2.0.0/bitlyj-2.0.0.jar:/Users/double-u/.m2/repository/com/google/api/client/google-api-client-googleapis/1.4.1-beta/google-api-client-googleapis-1.4.1-beta.jar:/Users/double-u/.m2/repository/commons-io/commons-io/2.0.1/commons-io-2.0.1.jar:/Users/double-u/.m2/repository/org/scale7/scale7-pelops/1.2-0.8.x/scale7-pelops-1.2-0.8.x.jar:/Users/double-u/.m2/repository/com/eaio/uuid/uuid/3.2/uuid-3.2.jar:/Users/double-u/.m2/repository/org/scale7/scale7-core/1.3/scale7-core-1.3.jar:/Users/double-u/.m2/repository/commons-pool/commons-pool/1.5.5/commons-pool-1.5.5.jar:/Users/double-u/.m2/repository/org/codehaus/jackson/jackson-mapper-asl/1.8.5/jackson-mapper-asl-1.8.5.jar:/Users/double-u/.m2/repository/xerces/xercesImpl/2.10.0/xercesImpl-2.10.0.jar:/Users/double-u/.m2/repository/xml-apis/xml-apis/1.4.01/xml-apis-1.4.01.jar:/Users/double-u/.m2/repository/org/apache/activemq/activemq-core/5.5.0/activemq-core-5.5.0.jar:/Users/double-u/.m2/repository/org/apache/geronimo/specs/geronimo-jms_1.1_spec/1.1.1/geronimo-jms_1.1_spec-1.1.1.jar:/Users/double-u/.m2/repository/org/apache/activemq/activeio-core/3.1.2/activeio-core-3.1.2.jar:/Users/double-u/.m2/repository/org/apache/activemq/kahadb/5.5.0/kahadb-5.5.0.jar:/Users/double-u/.m2/repository/org/apache/activemq/protobuf/activemq-protobuf/1.1/activemq-protobuf-1.1.jar:/Users/double-u/.m2/repository/org/osgi/org.osgi.core/4.1.0/org.osgi.core-4.1.0.jar:/Users/double-u/.m2/repository/org/apache/geronimo/specs/geronimo-j2ee-management_1.1_spec/1.0.1/geronimo-j2ee-management_1.1_spec-1.0.1.jar:/Users/double-u/.m2/repository/commons-net/commons-net/2.0/commons-net-2.0.jar:/Users/double-u/.m2/repository/org/jasypt/jasypt/1.7/jasypt-1.7.jar:/Users/double-u/.m2/repository/javax/jmdns/jmdns/3.4.1/jmdns-3.4.1.jar:/Users/double-u/.m2/repository/org/twitter4j/twitter4j-stream/2.2.4/twitter4j-stream-2.2.4.jar:/Users/double-u/.m2/repository/org/eclipse/jetty/aggregate/jetty-servlet/8.0.1.v20110908/jetty-servlet-8.0.1.v20110908.jar:/Users/double-u/.m2/repository/org/eclipse/jetty/aggregate/jetty-server/8.0.1.v20110908/jetty-server-8.0.1.v20110908.jar:/Users/double-u/.m2/repository/commons-daemon/commons-daemon/1.0.7/commons-daemon-1.0.7.jar:/Users/double-u/.m2/repository/com/twmacinta/1.0/twmacinta-1.0.jar:/Users/double-u/.m2/repository/txtmark/txtmark/0.6-SNAPSHOT/txtmark-0.6-SNAPSHOT.jar:/Users/double-u/.m2/repository/commons-codec/commons-codec/1.5/commons-codec-1.5.jar:/Users/double-u/.m2/repository/com/google/code/gson/gson/1.7.1/gson-1.7.1.jar:/Users/double-u/.m2/repository/org/apache/cassandra/cassandra-thrift/1.0.0-beta1/cassandra-thrift-1.0.0-beta1.jar:/Users/double-u/.m2/repository/org/apache/thrift/libthrift/0.6.1/libthrift-0.6.1.jar:/Users/double-u/.m2/repository/org/mortbay/jetty/servlet-api/3.0.20100224/servlet-api-3.0.20100224.jar:/Users/double-u/.m2/repository/org/slf4j/slf4j-log4j12/1.6.2/slf4j-log4j12-1.6.2.jar:/Users/double-u/.m2/repository/org/slf4j/slf4j-api/1.6.2/slf4j-api-1.6.2.jar:/Users/double-u/.m2/repository/javax/mail/mail/1.4.4/mail-1.4.4.jar:/Users/double-u/.m2/repository/javax/activation/activation/1.1/activation-1.1.jar:/Users/double-u/.m2/repository/org/apache/xmlrpc/xmlrpc-client/3.1.3/xmlrpc-client-3.1.3.jar:/Users/double-u/.m2/repository/org/apache/xmlrpc/xmlrpc-common/3.1.3/xmlrpc-common-3.1.3.jar:/Users/double-u/.m2/repository/org/apache/ws/commons/util/ws-commons-util/1.0.2/ws-commons-util-1.0.2.jar:"/>
    <property name="java.vm.specification.version" value="1.7"/>
    <property name="sun.arch.data.model" value="64"/>
    <property name="java.home" value="/Library/Java/JavaVirtualMachines/1.7.0.jdk/Contents/Home/jre"/>
    <property name="sun.java.command" value="/Users/double-u/Projects/XenMaster/XenMaster/target/surefire/surefirebooter6979491516397713184.jar /Users/double-u/Projects/XenMaster/XenMaster/target/surefire/surefire3393166656360316693tmp /Users/double-u/Projects/XenMaster/XenMaster/target/surefire/surefire8846445317711919700tmp"/>
    <property name="java.specification.vendor" value="Oracle Corporation"/>
    <property name="user.language" value="en"/>
    <property name="awt.toolkit" value="sun.lwawt.macosx.LWCToolkit"/>
    <property name="java.vm.info" value="mixed mode"/>
    <property name="java.version" value="1.7.0-internal"/>
    <property name="java.ext.dirs" value="/Users/double-u/Library/Java/Extensions:/Library/Java/JavaVirtualMachines/1.7.0.jdk/Contents/Home/jre/lib/ext:/Library/Java/Extensions:/Network/Library/Java/Extensions:/System/Library/Java/Extensions:/usr/lib/java"/>
    <property name="sun.boot.class.path" value="/Library/Java/JavaVirtualMachines/1.7.0.jdk/Contents/Home/jre/lib/resources.jar:/Library/Java/JavaVirtualMachines/1.7.0.jdk/Contents/Home/jre/lib/rt.jar:/Library/Java/JavaVirtualMachines/1.7.0.jdk/Contents/Home/jre/lib/sunrsasign.jar:/Library/Java/JavaVirtualMachines/1.7.0.jdk/Contents/Home/jre/lib/jsse.jar:/Library/Java/JavaVirtualMachines/1.7.0.jdk/Contents/Home/jre/lib/jce.jar:/Library/Java/JavaVirtualMachines/1.7.0.jdk/Contents/Home/jre/lib/charsets.jar:/Library/Java/JavaVirtualMachines/1.7.0.jdk/Contents/Home/jre/lib/modules/jdk.boot.jar:/Library/Java/JavaVirtualMachines/1.7.0.jdk/Contents/Home/jre/lib/JObjC.jar:/Library/Java/JavaVirtualMachines/1.7.0.jdk/Contents/Home/jre/classes"/>
    <property name="java.vendor" value="Oracle Corporation"/>
    <property name="localRepository" value="/Users/double-u/.m2/repository"/>
    <property name="file.separator" value="/"/>
    <property name="java.vendor.url.bug" value="http://bugreport.sun.com/bugreport/"/>
    <property name="sun.cpu.endian" value="little"/>
    <property name="sun.io.unicode.encoding" value="UnicodeBig"/>
    <property name="sun.cpu.isalist" value=""/>
  </properties>
  <testcase time="0.003" classname="net.wgr.xenmaster.AppTest" name="testApp"/>
</testsuite>